<?xml version="1.0" encoding="UTF-8"?>
<testsuite xmlns:xsi="http://www.w3.org/2001/XMLSchema-instance" xsi:noNamespaceSchemaLocation="https://maven.apache.org/surefire/maven-surefire-plugin/xsd/surefire-test-report-3.0.xsd" version="3.0" name="defix.favordayapp.apiKeyTest.ApiKeyTest" time="0.068" tests="2" errors="0" skipped="0" failures="0">
  <properties>
[...]
</properties>
  <testcase name="getAllowedLettersTest" classname="defix.favordayapp.apiKeyTest.ApiKeyTest" time="0.016">
    <system-out><![CDATA[12:14:43.871 [main] INFO defix.favordayapp.apiKeyTest.ApiKeyTest -- 0
12:14:43.872 [main] INFO defix.favordayapp.apiKeyTest.ApiKeyTest -- 1
12:14:43.872 [main] INFO defix.favordayapp.apiKeyTest.ApiKeyTest -- 2
12:14:43.872 [main] INFO defix.favordayapp.apiKeyTest.ApiKeyTest -- 3
12:14:43.872 [main] INFO defix.favordayapp.apiKeyTest.ApiKeyTest -- 4
12:14:43.872 [main] INFO defix.favordayapp.apiKeyTest.ApiKeyTest -- 5
12:14:43.872 [main] INFO defix.favordayapp.apiKeyTest.ApiKeyTest -- 6
12:14:43.872 [main] INFO defix.favordayapp.apiKeyTest.ApiKeyTest -- 7
12:14:43.872 [main] INFO defix.favordayapp.apiKeyTest.ApiKeyTest -- 8
12:14:43.872 [main] INFO defix.favordayapp.apiKeyTest.ApiKeyTest -- 9
12:14:43.872 [main] INFO defix.favordayapp.apiKeyTest.ApiKeyTest -- A
12:14:43.872 [main] INFO defix.favordayapp.apiKeyTest.ApiKeyTest -- B
12:14:43.872 [main] INFO defix.favordayapp.apiKeyTest.ApiKeyTest -- C
12:14:43.872 [main] INFO defix.favordayapp.apiKeyTest.ApiKeyTest -- D
12:14:43.872 [main] INFO defix.favordayapp.apiKeyTest.ApiKeyTest -- E
12:14:43.872 [main] INFO defix.favordayapp.apiKeyTest.ApiKeyTest -- F
12:14:43.872 [main] INFO defix.favordayapp.apiKeyTest.ApiKeyTest -- G
12:14:43.873 [main] INFO defix.favordayapp.apiKeyTest.ApiKeyTest -- H
12:14:43.873 [main] INFO defix.favordayapp.apiKeyTest.ApiKeyTest -- I
12:14:43.873 [main] INFO defix.favordayapp.apiKeyTest.ApiKeyTest -- J
12:14:43.873 [main] INFO defix.favordayapp.apiKeyTest.ApiKeyTest -- K
12:14:43.873 [main] INFO defix.favordayapp.apiKeyTest.ApiKeyTest -- L
12:14:43.873 [main] INFO defix.favordayapp.apiKeyTest.ApiKeyTest -- M
12:14:43.873 [main] INFO defix.favordayapp.apiKeyTest.ApiKeyTest -- N
12:14:43.873 [main] INFO defix.favordayapp.apiKeyTest.ApiKeyTest -- O
12:14:43.873 [main] INFO defix.favordayapp.apiKeyTest.ApiKeyTest -- P
12:14:43.873 [main] INFO defix.favordayapp.apiKeyTest.ApiKeyTest -- Q
12:14:43.873 [main] INFO defix.favordayapp.apiKeyTest.ApiKeyTest -- R
12:14:43.873 [main] INFO defix.favordayapp.apiKeyTest.ApiKeyTest -- S
12:14:43.873 [main] INFO defix.favordayapp.apiKeyTest.ApiKeyTest -- T
12:14:43.873 [main] INFO defix.favordayapp.apiKeyTest.ApiKeyTest -- U
12:14:43.873 [main] INFO defix.favordayapp.apiKeyTest.ApiKeyTest -- V
12:14:43.873 [main] INFO defix.favordayapp.apiKeyTest.ApiKeyTest -- W
12:14:43.873 [main] INFO defix.favordayapp.apiKeyTest.ApiKeyTest -- X
12:14:43.873 [main] INFO defix.favordayapp.apiKeyTest.ApiKeyTest -- Y
12:14:43.873 [main] INFO defix.favordayapp.apiKeyTest.ApiKeyTest -- Z
]]></system-out>
  </testcase>
  <testcase name="generateApiKey" classname="defix.favordayapp.apiKeyTest.ApiKeyTest" time="0.002">
    <system-out><![CDATA[12:14:43.880 [main] INFO defix.favordayapp.apiKeyTest.ApiKeyTest -- R960oUp99u0tudwC2CjhP28w55x2a60NA003F3cB3h8t6nfL8d5aC0FMi3MZ
]]></system-out>
  </testcase>
</testsuite>